# JRE version: OpenJDK Runtime Environment (8.0_76-b03) (build 1.8.0_76-release-b03)
# Java VM: OpenJDK 64-Bit Server VM (25.76-b03 mixed mode windows-amd64 compressed oops)
Heap:
 PSYoungGen      total 151552K, used 137133K [0x00000000d5580000, 0x00000000df800000, 0x0000000100000000)
  eden space 137728K, 89% used [0x00000000d5580000,0x00000000dcdf33c0,0x00000000ddc00000)
  from space 13824K, 99% used [0x00000000ddc00000,0x00000000de9781f8,0x00000000de980000)
  to   space 11776K, 0% used [0x00000000de980000,0x00000000de980000,0x00000000df500000)
 ParOldGen       total 91648K, used 25481K [0x0000000080000000, 0x0000000085980000, 0x00000000d5580000)
  object space 91648K, 27% used [0x0000000080000000,0x00000000818e25f0,0x0000000085980000)
 Metaspace       used 53154K, capacity 54622K, committed 54784K, reserved 1097728K
  class space    used 7031K, capacity 7337K, committed 7424K, reserved 1048576K
GC Heap History (10 events):
Event: 15.235 GC heap before
{Heap before GC invocations=13 (full 2):
 PSYoungGen      total 92160K, used 81408K [0x00000000d5580000, 0x00000000dc400000, 0x0000000100000000)
  eden space 81408K, 100% used [0x00000000d5580000,0x00000000da500000,0x00000000da500000)
  from space 10752K, 0% used [0x00000000daf80000,0x00000000daf80000,0x00000000dba00000)
  to   space 10752K, 0% used [0x00000000da500000,0x00000000da500000,0x00000000daf80000)
 ParOldGen       total 91648K, used 13799K [0x0000000080000000, 0x0000000085980000, 0x00000000d5580000)
  object space 91648K, 15% used [0x0000000080000000,0x0000000080d79e10,0x0000000085980000)
 Metaspace       used 41800K, capacity 42734K, committed 43008K, reserved 1087488K
  class space    used 5581K, capacity 5773K, committed 5888K, reserved 1048576K
Event: 15.241 GC heap after
Heap after GC invocations=13 (full 2):
 PSYoungGen      total 92160K, used 8561K [0x00000000d5580000, 0x00000000dd580000, 0x0000000100000000)
  eden space 81408K, 0% used [0x00000000d5580000,0x00000000d5580000,0x00000000da500000)
  from space 10752K, 79% used [0x00000000da500000,0x00000000dad5c6a8,0x00000000daf80000)
  to   space 10752K, 0% used [0x00000000dcb00000,0x00000000dcb00000,0x00000000dd580000)
 ParOldGen       total 91648K, used 13871K [0x0000000080000000, 0x0000000085980000, 0x00000000d5580000)
  object space 91648K, 15% used [0x0000000080000000,0x0000000080d8be20,0x0000000085980000)
 Metaspace       used 41800K, capacity 42734K, committed 43008K, reserved 1087488K
  class space    used 5581K, capacity 5773K, committed 5888K, reserved 1048576K
}
Event: 19.545 GC heap before
{Heap before GC invocations=14 (full 2):
 PSYoungGen      total 92160K, used 89969K [0x00000000d5580000, 0x00000000dd580000, 0x0000000100000000)
  eden space 81408K, 100% used [0x00000000d5580000,0x00000000da500000,0x00000000da500000)
  from space 10752K, 79% used [0x00000000da500000,0x00000000dad5c6a8,0x00000000daf80000)
  to   space 10752K, 0% used [0x00000000dcb00000,0x00000000dcb00000,0x00000000dd580000)
 ParOldGen       total 91648K, used 13871K [0x0000000080000000, 0x0000000085980000, 0x00000000d5580000)
  object space 91648K, 15% used [0x0000000080000000,0x0000000080d8be20,0x0000000085980000)
 Metaspace       used 43104K, capacity 44122K, committed 44416K, reserved 1087488K
  class space    used 5708K, capacity 5915K, committed 6016K, reserved 1048576K
Event: 19.552 GC heap after
Heap after GC invocations=14 (full 2):
 PSYoungGen      total 115712K, used 9169K [0x00000000d5580000, 0x00000000dd400000, 0x0000000100000000)
  eden space 106496K, 0% used [0x00000000d5580000,0x00000000d5580000,0x00000000dbd80000)
  from space 9216K, 99% used [0x00000000dcb00000,0x00000000dd3f4778,0x00000000dd400000)
  to   space 11264K, 0% used [0x00000000dbe00000,0x00000000dbe00000,0x00000000dc900000)
 ParOldGen       total 91648K, used 13879K [0x0000000080000000, 0x0000000085980000, 0x00000000d5580000)
  object space 91648K, 15% used [0x0000000080000000,0x0000000080d8de20,0x0000000085980000)
 Metaspace       used 43104K, capacity 44122K, committed 44416K, reserved 1087488K
  class space    used 5708K, capacity 5915K, committed 6016K, reserved 1048576K
}
Event: 19.992 GC heap before
{Heap before GC invocations=15 (full 2):
 PSYoungGen      total 115712K, used 115665K [0x00000000d5580000, 0x00000000dd400000, 0x0000000100000000)
  eden space 106496K, 100% used [0x00000000d5580000,0x00000000dbd80000,0x00000000dbd80000)
  from space 9216K, 99% used [0x00000000dcb00000,0x00000000dd3f4778,0x00000000dd400000)
  to   space 11264K, 0% used [0x00000000dbe00000,0x00000000dbe00000,0x00000000dc900000)
 ParOldGen       total 91648K, used 13879K [0x0000000080000000, 0x0000000085980000, 0x00000000d5580000)
  object space 91648K, 15% used [0x0000000080000000,0x0000000080d8de20,0x0000000085980000)
 Metaspace       used 43618K, capacity 44580K, committed 44672K, reserved 1087488K
  class space    used 5761K, capacity 5980K, committed 6016K, reserved 1048576K
Event: 19.999 GC heap after
Heap after GC invocations=15 (full 2):
 PSYoungGen      total 118272K, used 8609K [0x00000000d5580000, 0x00000000df500000, 0x0000000100000000)
  eden space 107008K, 0% used [0x00000000d5580000,0x00000000d5580000,0x00000000dbe00000)
  from space 11264K, 76% used [0x00000000dbe00000,0x00000000dc668708,0x00000000dc900000)
  to   space 11776K, 0% used [0x00000000de980000,0x00000000de980000,0x00000000df500000)
 ParOldGen       total 91648K, used 13887K [0x0000000080000000, 0x0000000085980000, 0x00000000d5580000)
  object space 91648K, 15% used [0x0000000080000000,0x0000000080d8fe20,0x0000000085980000)
 Metaspace       used 43618K, capacity 44580K, committed 44672K, reserved 1087488K
  class space    used 5761K, capacity 5980K, committed 6016K, reserved 1048576K
}
Event: 21.195 GC heap before
{Heap before GC invocations=16 (full 2):
 PSYoungGen      total 118272K, used 115617K [0x00000000d5580000, 0x00000000df500000, 0x0000000100000000)
  eden space 107008K, 100% used [0x00000000d5580000,0x00000000dbe00000,0x00000000dbe00000)
  from space 11264K, 76% used [0x00000000dbe00000,0x00000000dc668708,0x00000000dc900000)
  to   space 11776K, 0% used [0x00000000de980000,0x00000000de980000,0x00000000df500000)
 ParOldGen       total 91648K, used 13887K [0x0000000080000000, 0x0000000085980000, 0x00000000d5580000)
  object space 91648K, 15% used [0x0000000080000000,0x0000000080d8fe20,0x0000000085980000)
 Metaspace       used 45737K, capacity 46940K, committed 47104K, reserved 1089536K
  class space    used 6103K, capacity 6340K, committed 6400K, reserved 1048576K
Event: 21.206 GC heap after
Heap after GC invocations=16 (full 2):
 PSYoungGen      total 149504K, used 11759K [0x00000000d5580000, 0x00000000df800000, 0x0000000100000000)
  eden space 137728K, 0% used [0x00000000d5580000,0x00000000d5580000,0x00000000ddc00000)
  from space 11776K, 99% used [0x00000000de980000,0x00000000df4fbff0,0x00000000df500000)
  to   space 13824K, 0% used [0x00000000ddc00000,0x00000000ddc00000,0x00000000de980000)
 ParOldGen       total 91648K, used 16182K [0x0000000080000000, 0x0000000085980000, 0x00000000d5580000)
  object space 91648K, 17% used [0x0000000080000000,0x0000000080fcdaf8,0x0000000085980000)
 Metaspace       used 45737K, capacity 46940K, committed 47104K, reserved 1089536K
  class space    used 6103K, capacity 6340K, committed 6400K, reserved 1048576K
}
Event: 27.621 GC heap before
{Heap before GC invocations=17 (full 2):
 PSYoungGen      total 149504K, used 149487K [0x00000000d5580000, 0x00000000df800000, 0x0000000100000000)
  eden space 137728K, 100% used [0x00000000d5580000,0x00000000ddc00000,0x00000000ddc00000)
  from space 11776K, 99% used [0x00000000de980000,0x00000000df4fbff0,0x00000000df500000)
  to   space 13824K, 0% used [0x00000000ddc00000,0x00000000ddc00000,0x00000000de980000)
 ParOldGen       total 91648K, used 16182K [0x0000000080000000, 0x0000000085980000, 0x00000000d5580000)
  object space 91648K, 17% used [0x0000000080000000,0x0000000080fcdaf8,0x0000000085980000)
 Metaspace       used 49242K, capacity 50662K, committed 50944K, reserved 1093632K
  class space    used 6519K, capacity 6785K, committed 6912K, reserved 1048576K
Event: 27.636 GC heap after
Heap after GC invocations=17 (full 2):
 PSYoungGen      total 151552K, used 13792K [0x00000000d5580000, 0x00000000df800000, 0x0000000100000000)
  eden space 137728K, 0% used [0x00000000d5580000,0x00000000d5580000,0x00000000ddc00000)
  from space 13824K, 99% used [0x00000000ddc00000,0x00000000de9781f8,0x00000000de980000)
  to   space 11776K, 0% used [0x00000000de980000,0x00000000de980000,0x00000000df500000)
 ParOldGen       total 91648K, used 25481K [0x0000000080000000, 0x0000000085980000, 0x00000000d5580000)
  object space 91648K, 27% used [0x0000000080000000,0x00000000818e25f0,0x0000000085980000)
 Metaspace       used 49242K, capacity 50662K, committed 50944K, reserved 1093632K
  class space    used 6519K, capacity 6785K, committed 6912K, reserved 1048576K
}

