# JRE version: OpenJDK Runtime Environment (8.0_76-b03) (build 1.8.0_76-release-b03)
# Java VM: OpenJDK 64-Bit Server VM (25.76-b03 mixed mode windows-amd64 compressed oops)
Heap:
 PSYoungGen      total 53248K, used 37267K [0x00000000d5580000, 0x00000000d9580000, 0x0000000100000000)
  eden space 45056K, 67% used [0x00000000d5580000,0x00000000d7358990,0x00000000d8180000)
  from space 8192K, 81% used [0x00000000d8d80000,0x00000000d940c5d8,0x00000000d9580000)
  to   space 10240K, 0% used [0x00000000d8180000,0x00000000d8180000,0x00000000d8b80000)
 ParOldGen       total 66048K, used 8679K [0x0000000080000000, 0x0000000084080000, 0x00000000d5580000)
  object space 66048K, 13% used [0x0000000080000000,0x0000000080879e58,0x0000000084080000)
 Metaspace       used 29976K, capacity 30570K, committed 30640K, reserved 1075200K
  class space    used 4082K, capacity 4232K, committed 4272K, reserved 1048576K
GC Heap History (10 events):
Event: 2.876 GC heap before
{Heap before GC invocations=3 (full 0):
 PSYoungGen      total 38400K, used 38393K [0x00000000d5580000, 0x00000000d8000000, 0x0000000100000000)
  eden space 33280K, 100% used [0x00000000d5580000,0x00000000d7600000,0x00000000d7600000)
  from space 5120K, 99% used [0x00000000d7b00000,0x00000000d7ffe7b8,0x00000000d8000000)
  to   space 5120K, 0% used [0x00000000d7600000,0x00000000d7600000,0x00000000d7b00000)
 ParOldGen       total 87552K, used 1121K [0x0000000080000000, 0x0000000085580000, 0x00000000d5580000)
  object space 87552K, 1% used [0x0000000080000000,0x0000000080118560,0x0000000085580000)
 Metaspace       used 18839K, capacity 19236K, committed 19328K, reserved 1067008K
  class space    used 2518K, capacity 2669K, committed 2688K, reserved 1048576K
Event: 2.885 GC heap after
Heap after GC invocations=3 (full 0):
 PSYoungGen      total 38400K, used 5104K [0x00000000d5580000, 0x00000000d8000000, 0x0000000100000000)
  eden space 33280K, 0% used [0x00000000d5580000,0x00000000d5580000,0x00000000d7600000)
  from space 5120K, 99% used [0x00000000d7600000,0x00000000d7afc010,0x00000000d7b00000)
  to   space 5120K, 0% used [0x00000000d7b00000,0x00000000d7b00000,0x00000000d8000000)
 ParOldGen       total 87552K, used 5483K [0x0000000080000000, 0x0000000085580000, 0x00000000d5580000)
  object space 87552K, 6% used [0x0000000080000000,0x000000008055ae48,0x0000000085580000)
 Metaspace       used 18839K, capacity 19236K, committed 19328K, reserved 1067008K
  class space    used 2518K, capacity 2669K, committed 2688K, reserved 1048576K
}
Event: 4.457 GC heap before
{Heap before GC invocations=4 (full 0):
 PSYoungGen      total 38400K, used 26908K [0x00000000d5580000, 0x00000000d8000000, 0x0000000100000000)
  eden space 33280K, 65% used [0x00000000d5580000,0x00000000d6acb268,0x00000000d7600000)
  from space 5120K, 99% used [0x00000000d7600000,0x00000000d7afc010,0x00000000d7b00000)
  to   space 5120K, 0% used [0x00000000d7b00000,0x00000000d7b00000,0x00000000d8000000)
 ParOldGen       total 87552K, used 5483K [0x0000000080000000, 0x0000000085580000, 0x00000000d5580000)
  object space 87552K, 6% used [0x0000000080000000,0x000000008055ae48,0x0000000085580000)
 Metaspace       used 20767K, capacity 21202K, committed 21296K, reserved 1067008K
  class space    used 2701K, capacity 2825K, committed 2864K, reserved 1048576K
Event: 4.465 GC heap after
Heap after GC invocations=4 (full 0):
 PSYoungGen      total 38400K, used 5088K [0x00000000d5580000, 0x00000000d8000000, 0x0000000100000000)
  eden space 33280K, 0% used [0x00000000d5580000,0x00000000d5580000,0x00000000d7600000)
  from space 5120K, 99% used [0x00000000d7b00000,0x00000000d7ff8020,0x00000000d8000000)
  to   space 5120K, 0% used [0x00000000d7600000,0x00000000d7600000,0x00000000d7b00000)
 ParOldGen       total 87552K, used 8307K [0x0000000080000000, 0x0000000085580000, 0x00000000d5580000)
  object space 87552K, 9% used [0x0000000080000000,0x000000008081cc10,0x0000000085580000)
 Metaspace       used 20767K, capacity 21202K, committed 21296K, reserved 1067008K
  class space    used 2701K, capacity 2825K, committed 2864K, reserved 1048576K
}
Event: 4.465 GC heap before
{Heap before GC invocations=5 (full 1):
 PSYoungGen      total 38400K, used 5088K [0x00000000d5580000, 0x00000000d8000000, 0x0000000100000000)
  eden space 33280K, 0% used [0x00000000d5580000,0x00000000d5580000,0x00000000d7600000)
  from space 5120K, 99% used [0x00000000d7b00000,0x00000000d7ff8020,0x00000000d8000000)
  to   space 5120K, 0% used [0x00000000d7600000,0x00000000d7600000,0x00000000d7b00000)
 ParOldGen       total 87552K, used 8307K [0x0000000080000000, 0x0000000085580000, 0x00000000d5580000)
  object space 87552K, 9% used [0x0000000080000000,0x000000008081cc10,0x0000000085580000)
 Metaspace       used 20767K, capacity 21202K, committed 21296K, reserved 1067008K
  class space    used 2701K, capacity 2825K, committed 2864K, reserved 1048576K
Event: 4.504 GC heap after
Heap after GC invocations=5 (full 1):
 PSYoungGen      total 38400K, used 0K [0x00000000d5580000, 0x00000000d8000000, 0x0000000100000000)
  eden space 33280K, 0% used [0x00000000d5580000,0x00000000d5580000,0x00000000d7600000)
  from space 5120K, 0% used [0x00000000d7b00000,0x00000000d7b00000,0x00000000d8000000)
  to   space 5120K, 0% used [0x00000000d7600000,0x00000000d7600000,0x00000000d7b00000)
 ParOldGen       total 66048K, used 8663K [0x0000000080000000, 0x0000000084080000, 0x00000000d5580000)
  object space 66048K, 13% used [0x0000000080000000,0x0000000080875e58,0x0000000084080000)
 Metaspace       used 20767K, capacity 21202K, committed 21296K, reserved 1067008K
  class space    used 2701K, capacity 2825K, committed 2864K, reserved 1048576K
}
Event: 6.013 GC heap before
{Heap before GC invocations=6 (full 1):
 PSYoungGen      total 38400K, used 33280K [0x00000000d5580000, 0x00000000d8000000, 0x0000000100000000)
  eden space 33280K, 100% used [0x00000000d5580000,0x00000000d7600000,0x00000000d7600000)
  from space 5120K, 0% used [0x00000000d7b00000,0x00000000d7b00000,0x00000000d8000000)
  to   space 5120K, 0% used [0x00000000d7600000,0x00000000d7600000,0x00000000d7b00000)
 ParOldGen       total 66048K, used 8663K [0x0000000080000000, 0x0000000084080000, 0x00000000d5580000)
  object space 66048K, 13% used [0x0000000080000000,0x0000000080875e58,0x0000000084080000)
 Metaspace       used 23480K, capacity 24086K, committed 24368K, reserved 1071104K
  class space    used 3142K, capacity 3316K, committed 3376K, reserved 1048576K
Event: 6.017 GC heap after
Heap after GC invocations=6 (full 1):
 PSYoungGen      total 38400K, used 4621K [0x00000000d5580000, 0x00000000d9800000, 0x0000000100000000)
  eden space 33280K, 0% used [0x00000000d5580000,0x00000000d5580000,0x00000000d7600000)
  from space 5120K, 90% used [0x00000000d7600000,0x00000000d7a837d0,0x00000000d7b00000)
  to   space 10752K, 0% used [0x00000000d8d80000,0x00000000d8d80000,0x00000000d9800000)
 ParOldGen       total 66048K, used 8671K [0x0000000080000000, 0x0000000084080000, 0x00000000d5580000)
  object space 66048K, 13% used [0x0000000080000000,0x0000000080877e58,0x0000000084080000)
 Metaspace       used 23480K, capacity 24086K, committed 24368K, reserved 1071104K
  class space    used 3142K, capacity 3316K, committed 3376K, reserved 1048576K
}
Event: 11.251 GC heap before
{Heap before GC invocations=7 (full 1):
 PSYoungGen      total 38400K, used 37901K [0x00000000d5580000, 0x00000000d9800000, 0x0000000100000000)
  eden space 33280K, 100% used [0x00000000d5580000,0x00000000d7600000,0x00000000d7600000)
  from space 5120K, 90% used [0x00000000d7600000,0x00000000d7a837d0,0x00000000d7b00000)
  to   space 10752K, 0% used [0x00000000d8d80000,0x00000000d8d80000,0x00000000d9800000)
 ParOldGen       total 66048K, used 8671K [0x0000000080000000, 0x0000000084080000, 0x00000000d5580000)
  object space 66048K, 13% used [0x0000000080000000,0x0000000080877e58,0x0000000084080000)
 Metaspace       used 27467K, capacity 28074K, committed 28208K, reserved 1073152K
  class space    used 3685K, capacity 3848K, committed 3888K, reserved 1048576K
Event: 11.257 GC heap after
Heap after GC invocations=7 (full 1):
 PSYoungGen      total 53248K, used 6705K [0x00000000d5580000, 0x00000000d9580000, 0x0000000100000000)
  eden space 45056K, 0% used [0x00000000d5580000,0x00000000d5580000,0x00000000d8180000)
  from space 8192K, 81% used [0x00000000d8d80000,0x00000000d940c5d8,0x00000000d9580000)
  to   space 10240K, 0% used [0x00000000d8180000,0x00000000d8180000,0x00000000d8b80000)
 ParOldGen       total 66048K, used 8679K [0x0000000080000000, 0x0000000084080000, 0x00000000d5580000)
  object space 66048K, 13% used [0x0000000080000000,0x0000000080879e58,0x0000000084080000)
 Metaspace       used 27467K, capacity 28074K, committed 28208K, reserved 1073152K
  class space    used 3685K, capacity 3848K, committed 3888K, reserved 1048576K
}

