# JRE version: OpenJDK Runtime Environment (8.0_76-b03) (build 1.8.0_76-release-b03)
# Java VM: OpenJDK 64-Bit Server VM (25.76-b03 mixed mode windows-amd64 compressed oops)
Heap:
 PSYoungGen      total 145408K, used 145376K [0x00000000d5580000, 0x00000000e1c00000, 0x0000000100000000)
  eden space 131584K, 100% used [0x00000000d5580000,0x00000000dd600000,0x00000000dd600000)
  from space 13824K, 99% used [0x00000000dd600000,0x00000000de378218,0x00000000de380000)
  to   space 18944K, 0% used [0x00000000e0980000,0x00000000e0980000,0x00000000e1c00000)
 ParOldGen       total 91648K, used 25516K [0x0000000080000000, 0x0000000085980000, 0x00000000d5580000)
  object space 91648K, 27% used [0x0000000080000000,0x00000000818eb380,0x0000000085980000)
 Metaspace       used 53193K, capacity 54622K, committed 54784K, reserved 1097728K
  class space    used 7031K, capacity 7337K, committed 7424K, reserved 1048576K
GC Heap History (10 events):
Event: 9.586 GC heap before
{Heap before GC invocations=13 (full 2):
 PSYoungGen      total 91136K, used 80384K [0x00000000d5580000, 0x00000000dc180000, 0x0000000100000000)
  eden space 80384K, 100% used [0x00000000d5580000,0x00000000da400000,0x00000000da400000)
  from space 10752K, 0% used [0x00000000dae80000,0x00000000dae80000,0x00000000db900000)
  to   space 10752K, 0% used [0x00000000da400000,0x00000000da400000,0x00000000dae80000)
 ParOldGen       total 91648K, used 14039K [0x0000000080000000, 0x0000000085980000, 0x00000000d5580000)
  object space 91648K, 15% used [0x0000000080000000,0x0000000080db5d28,0x0000000085980000)
 Metaspace       used 41805K, capacity 42670K, committed 43008K, reserved 1087488K
  class space    used 5581K, capacity 5773K, committed 5888K, reserved 1048576K
Event: 9.593 GC heap after
Heap after GC invocations=13 (full 2):
 PSYoungGen      total 91136K, used 8554K [0x00000000d5580000, 0x00000000dd380000, 0x0000000100000000)
  eden space 80384K, 0% used [0x00000000d5580000,0x00000000d5580000,0x00000000da400000)
  from space 10752K, 79% used [0x00000000da400000,0x00000000dac5a998,0x00000000dae80000)
  to   space 11264K, 0% used [0x00000000dc880000,0x00000000dc880000,0x00000000dd380000)
 ParOldGen       total 91648K, used 14111K [0x0000000080000000, 0x0000000085980000, 0x00000000d5580000)
  object space 91648K, 15% used [0x0000000080000000,0x0000000080dc7d38,0x0000000085980000)
 Metaspace       used 41805K, capacity 42670K, committed 43008K, reserved 1087488K
  class space    used 5581K, capacity 5773K, committed 5888K, reserved 1048576K
}
Event: 13.173 GC heap before
{Heap before GC invocations=14 (full 2):
 PSYoungGen      total 91136K, used 88938K [0x00000000d5580000, 0x00000000dd380000, 0x0000000100000000)
  eden space 80384K, 100% used [0x00000000d5580000,0x00000000da400000,0x00000000da400000)
  from space 10752K, 79% used [0x00000000da400000,0x00000000dac5a998,0x00000000dae80000)
  to   space 11264K, 0% used [0x00000000dc880000,0x00000000dc880000,0x00000000dd380000)
 ParOldGen       total 91648K, used 14111K [0x0000000080000000, 0x0000000085980000, 0x00000000d5580000)
  object space 91648K, 15% used [0x0000000080000000,0x0000000080dc7d38,0x0000000085980000)
 Metaspace       used 43081K, capacity 44058K, committed 44416K, reserved 1087488K
  class space    used 5708K, capacity 5915K, committed 6016K, reserved 1048576K
Event: 13.179 GC heap after
Heap after GC invocations=14 (full 2):
 PSYoungGen      total 112640K, used 9157K [0x00000000d5580000, 0x00000000dd180000, 0x0000000100000000)
  eden space 103424K, 0% used [0x00000000d5580000,0x00000000d5580000,0x00000000dba80000)
  from space 9216K, 99% used [0x00000000dc880000,0x00000000dd1715d0,0x00000000dd180000)
  to   space 11776K, 0% used [0x00000000dba80000,0x00000000dba80000,0x00000000dc600000)
 ParOldGen       total 91648K, used 14119K [0x0000000080000000, 0x0000000085980000, 0x00000000d5580000)
  object space 91648K, 15% used [0x0000000080000000,0x0000000080dc9d38,0x0000000085980000)
 Metaspace       used 43081K, capacity 44058K, committed 44416K, reserved 1087488K
  class space    used 5708K, capacity 5915K, committed 6016K, reserved 1048576K
}
Event: 13.531 GC heap before
{Heap before GC invocations=15 (full 2):
 PSYoungGen      total 112640K, used 112581K [0x00000000d5580000, 0x00000000dd180000, 0x0000000100000000)
  eden space 103424K, 100% used [0x00000000d5580000,0x00000000dba80000,0x00000000dba80000)
  from space 9216K, 99% used [0x00000000dc880000,0x00000000dd1715d0,0x00000000dd180000)
  to   space 11776K, 0% used [0x00000000dba80000,0x00000000dba80000,0x00000000dc600000)
 ParOldGen       total 91648K, used 14119K [0x0000000080000000, 0x0000000085980000, 0x00000000d5580000)
  object space 91648K, 15% used [0x0000000080000000,0x0000000080dc9d38,0x0000000085980000)
 Metaspace       used 43596K, capacity 44580K, committed 44672K, reserved 1087488K
  class space    used 5762K, capacity 5980K, committed 6016K, reserved 1048576K
Event: 13.536 GC heap after
Heap after GC invocations=15 (full 2):
 PSYoungGen      total 115200K, used 8641K [0x00000000d5580000, 0x00000000def00000, 0x0000000100000000)
  eden space 103424K, 0% used [0x00000000d5580000,0x00000000d5580000,0x00000000dba80000)
  from space 11776K, 73% used [0x00000000dba80000,0x00000000dc2f0708,0x00000000dc600000)
  to   space 11776K, 0% used [0x00000000de380000,0x00000000de380000,0x00000000def00000)
 ParOldGen       total 91648K, used 14127K [0x0000000080000000, 0x0000000085980000, 0x00000000d5580000)
  object space 91648K, 15% used [0x0000000080000000,0x0000000080dcbd38,0x0000000085980000)
 Metaspace       used 43596K, capacity 44580K, committed 44672K, reserved 1087488K
  class space    used 5762K, capacity 5980K, committed 6016K, reserved 1048576K
}
Event: 14.400 GC heap before
{Heap before GC invocations=16 (full 2):
 PSYoungGen      total 115200K, used 112065K [0x00000000d5580000, 0x00000000def00000, 0x0000000100000000)
  eden space 103424K, 100% used [0x00000000d5580000,0x00000000dba80000,0x00000000dba80000)
  from space 11776K, 73% used [0x00000000dba80000,0x00000000dc2f0708,0x00000000dc600000)
  to   space 11776K, 0% used [0x00000000de380000,0x00000000de380000,0x00000000def00000)
 ParOldGen       total 91648K, used 14127K [0x0000000080000000, 0x0000000085980000, 0x00000000d5580000)
  object space 91648K, 15% used [0x0000000080000000,0x0000000080dcbd38,0x0000000085980000)
 Metaspace       used 45718K, capacity 46854K, committed 47104K, reserved 1089536K
  class space    used 6099K, capacity 6335K, committed 6400K, reserved 1048576K
Event: 14.411 GC heap after
Heap after GC invocations=16 (full 2):
 PSYoungGen      total 143360K, used 11747K [0x00000000d5580000, 0x00000000df300000, 0x0000000100000000)
  eden space 131584K, 0% used [0x00000000d5580000,0x00000000d5580000,0x00000000dd600000)
  from space 11776K, 99% used [0x00000000de380000,0x00000000deef8ca0,0x00000000def00000)
  to   space 13824K, 0% used [0x00000000dd600000,0x00000000dd600000,0x00000000de380000)
 ParOldGen       total 91648K, used 16322K [0x0000000080000000, 0x0000000085980000, 0x00000000d5580000)
  object space 91648K, 17% used [0x0000000080000000,0x0000000080ff0b30,0x0000000085980000)
 Metaspace       used 45718K, capacity 46854K, committed 47104K, reserved 1089536K
  class space    used 6099K, capacity 6335K, committed 6400K, reserved 1048576K
}
Event: 21.652 GC heap before
{Heap before GC invocations=17 (full 2):
 PSYoungGen      total 143360K, used 143331K [0x00000000d5580000, 0x00000000df300000, 0x0000000100000000)
  eden space 131584K, 100% used [0x00000000d5580000,0x00000000dd600000,0x00000000dd600000)
  from space 11776K, 99% used [0x00000000de380000,0x00000000deef8ca0,0x00000000def00000)
  to   space 13824K, 0% used [0x00000000dd600000,0x00000000dd600000,0x00000000de380000)
 ParOldGen       total 91648K, used 16322K [0x0000000080000000, 0x0000000085980000, 0x00000000d5580000)
  object space 91648K, 17% used [0x0000000080000000,0x0000000080ff0b30,0x0000000085980000)
 Metaspace       used 49273K, capacity 50662K, committed 50944K, reserved 1093632K
  class space    used 6519K, capacity 6785K, committed 6912K, reserved 1048576K
Event: 21.667 GC heap after
Heap after GC invocations=17 (full 2):
 PSYoungGen      total 145408K, used 13792K [0x00000000d5580000, 0x00000000e1c00000, 0x0000000100000000)
  eden space 131584K, 0% used [0x00000000d5580000,0x00000000d5580000,0x00000000dd600000)
  from space 13824K, 99% used [0x00000000dd600000,0x00000000de378218,0x00000000de380000)
  to   space 18944K, 0% used [0x00000000e0980000,0x00000000e0980000,0x00000000e1c00000)
 ParOldGen       total 91648K, used 25516K [0x0000000080000000, 0x0000000085980000, 0x00000000d5580000)
  object space 91648K, 27% used [0x0000000080000000,0x00000000818eb380,0x0000000085980000)
 Metaspace       used 49273K, capacity 50662K, committed 50944K, reserved 1093632K
  class space    used 6519K, capacity 6785K, committed 6912K, reserved 1048576K
}

