# JRE version: OpenJDK Runtime Environment (8.0_76-b03) (build 1.8.0_76-release-b03)
# Java VM: OpenJDK 64-Bit Server VM (25.76-b03 mixed mode windows-amd64 compressed oops)
Heap:
 PSYoungGen      total 170496K, used 129286K [0x00000000d5580000, 0x00000000e6b00000, 0x0000000100000000)
  eden space 114176K, 63% used [0x00000000d5580000,0x00000000d9cc83b8,0x00000000dc500000)
  from space 56320K, 99% used [0x00000000e0e00000,0x00000000e44f97b8,0x00000000e4500000)
  to   space 74752K, 0% used [0x00000000dc500000,0x00000000dc500000,0x00000000e0e00000)
 ParOldGen       total 237056K, used 133281K [0x0000000080000000, 0x000000008e780000, 0x00000000d5580000)
  object space 237056K, 56% used [0x0000000080000000,0x0000000088228508,0x000000008e780000)
 Metaspace       used 56737K, capacity 58440K, committed 60848K, reserved 1101824K
  class space    used 7449K, capacity 7755K, committed 8368K, reserved 1048576K
GC Heap History (10 events):
Event: 2040.244 GC heap before
{Heap before GC invocations=28 (full 3):
 PSYoungGen      total 144896K, used 144496K [0x00000000d5580000, 0x00000000e0a00000, 0x0000000100000000)
  eden space 131072K, 100% used [0x00000000d5580000,0x00000000dd580000,0x00000000dd580000)
  from space 13824K, 97% used [0x00000000dfc80000,0x00000000e099c030,0x00000000e0a00000)
  to   space 22016K, 0% used [0x00000000ddf00000,0x00000000ddf00000,0x00000000df480000)
 ParOldGen       total 108544K, used 44983K [0x0000000080000000, 0x0000000086a00000, 0x00000000d5580000)
  object space 108544K, 41% used [0x0000000080000000,0x0000000082bedcf8,0x0000000086a00000)
 Metaspace       used 57548K, capacity 59968K, committed 60208K, reserved 1101824K
  class space    used 7674K, capacity 8171K, committed 8240K, reserved 1048576K
Event: 2040.253 GC heap after
Heap after GC invocations=28 (full 3):
 PSYoungGen      total 141824K, used 14032K [0x00000000d5580000, 0x00000000dfd00000, 0x0000000100000000)
  eden space 127488K, 0% used [0x00000000d5580000,0x00000000d5580000,0x00000000dd200000)
  from space 14336K, 97% used [0x00000000ddf00000,0x00000000decb4030,0x00000000ded00000)
  to   space 16384K, 0% used [0x00000000ded00000,0x00000000ded00000,0x00000000dfd00000)
 ParOldGen       total 108544K, used 44991K [0x0000000080000000, 0x0000000086a00000, 0x00000000d5580000)
  object space 108544K, 41% used [0x0000000080000000,0x0000000082befcf8,0x0000000086a00000)
 Metaspace       used 57548K, capacity 59968K, committed 60208K, reserved 1101824K
  class space    used 7674K, capacity 8171K, committed 8240K, reserved 1048576K
}
Event: 2041.430 GC heap before
{Heap before GC invocations=29 (full 3):
 PSYoungGen      total 141824K, used 141520K [0x00000000d5580000, 0x00000000dfd00000, 0x0000000100000000)
  eden space 127488K, 100% used [0x00000000d5580000,0x00000000dd200000,0x00000000dd200000)
  from space 14336K, 97% used [0x00000000ddf00000,0x00000000decb4030,0x00000000ded00000)
  to   space 16384K, 0% used [0x00000000ded00000,0x00000000ded00000,0x00000000dfd00000)
 ParOldGen       total 108544K, used 44991K [0x0000000080000000, 0x0000000086a00000, 0x00000000d5580000)
  object space 108544K, 41% used [0x0000000080000000,0x0000000082befcf8,0x0000000086a00000)
 Metaspace       used 58303K, capacity 60736K, committed 60848K, reserved 1101824K
  class space    used 7787K, capacity 8299K, committed 8368K, reserved 1048576K
Event: 2041.474 GC heap after
Heap after GC invocations=29 (full 3):
 PSYoungGen      total 125440K, used 16368K [0x00000000d5580000, 0x00000000e4180000, 0x0000000100000000)
  eden space 109056K, 0% used [0x00000000d5580000,0x00000000d5580000,0x00000000dc000000)
  from space 16384K, 99% used [0x00000000ded00000,0x00000000dfcfc030,0x00000000dfd00000)
  to   space 46080K, 0% used [0x00000000dc000000,0x00000000dc000000,0x00000000ded00000)
 ParOldGen       total 108544K, used 107104K [0x0000000080000000, 0x0000000086a00000, 0x00000000d5580000)
  object space 108544K, 98% used [0x0000000080000000,0x0000000086898160,0x0000000086a00000)
 Metaspace       used 58303K, capacity 60736K, committed 60848K, reserved 1101824K
  class space    used 7787K, capacity 8299K, committed 8368K, reserved 1048576K
}
Event: 2041.474 GC heap before
{Heap before GC invocations=30 (full 4):
 PSYoungGen      total 125440K, used 16368K [0x00000000d5580000, 0x00000000e4180000, 0x0000000100000000)
  eden space 109056K, 0% used [0x00000000d5580000,0x00000000d5580000,0x00000000dc000000)
  from space 16384K, 99% used [0x00000000ded00000,0x00000000dfcfc030,0x00000000dfd00000)
  to   space 46080K, 0% used [0x00000000dc000000,0x00000000dc000000,0x00000000ded00000)
 ParOldGen       total 108544K, used 107104K [0x0000000080000000, 0x0000000086a00000, 0x00000000d5580000)
  object space 108544K, 98% used [0x0000000080000000,0x0000000086898160,0x0000000086a00000)
 Metaspace       used 58303K, capacity 60736K, committed 60848K, reserved 1101824K
  class space    used 7787K, capacity 8299K, committed 8368K, reserved 1048576K
Event: 2041.840 GC heap after
Heap after GC invocations=30 (full 4):
 PSYoungGen      total 125440K, used 0K [0x00000000d5580000, 0x00000000e4180000, 0x0000000100000000)
  eden space 109056K, 0% used [0x00000000d5580000,0x00000000d5580000,0x00000000dc000000)
  from space 16384K, 0% used [0x00000000ded00000,0x00000000ded00000,0x00000000dfd00000)
  to   space 46080K, 0% used [0x00000000dc000000,0x00000000dc000000,0x00000000ded00000)
 ParOldGen       total 237056K, used 101967K [0x0000000080000000, 0x000000008e780000, 0x00000000d5580000)
  object space 237056K, 43% used [0x0000000080000000,0x0000000086393c50,0x000000008e780000)
 Metaspace       used 56526K, capacity 58216K, committed 60848K, reserved 1101824K
  class space    used 7419K, capacity 7723K, committed 8368K, reserved 1048576K
}
Event: 2042.462 GC heap before
{Heap before GC invocations=31 (full 4):
 PSYoungGen      total 125440K, used 109056K [0x00000000d5580000, 0x00000000e4180000, 0x0000000100000000)
  eden space 109056K, 100% used [0x00000000d5580000,0x00000000dc000000,0x00000000dc000000)
  from space 16384K, 0% used [0x00000000ded00000,0x00000000ded00000,0x00000000dfd00000)
  to   space 46080K, 0% used [0x00000000dc000000,0x00000000dc000000,0x00000000ded00000)
 ParOldGen       total 237056K, used 101967K [0x0000000080000000, 0x000000008e780000, 0x00000000d5580000)
  object space 237056K, 43% used [0x0000000080000000,0x0000000086393c50,0x000000008e780000)
 Metaspace       used 56542K, capacity 58216K, committed 60848K, reserved 1101824K
  class space    used 7419K, capacity 7723K, committed 8368K, reserved 1048576K
Event: 2042.488 GC heap after
Heap after GC invocations=31 (full 4):
 PSYoungGen      total 155136K, used 46073K [0x00000000d5580000, 0x00000000e4500000, 0x0000000100000000)
  eden space 109056K, 0% used [0x00000000d5580000,0x00000000d5580000,0x00000000dc000000)
  from space 46080K, 99% used [0x00000000dc000000,0x00000000decfe7a0,0x00000000ded00000)
  to   space 56320K, 0% used [0x00000000e0e00000,0x00000000e0e00000,0x00000000e4500000)
 ParOldGen       total 237056K, used 109106K [0x0000000080000000, 0x000000008e780000, 0x00000000d5580000)
  object space 237056K, 46% used [0x0000000080000000,0x0000000086a8ca00,0x000000008e780000)
 Metaspace       used 56542K, capacity 58216K, committed 60848K, reserved 1101824K
  class space    used 7419K, capacity 7723K, committed 8368K, reserved 1048576K
}
Event: 2043.555 GC heap before
{Heap before GC invocations=32 (full 4):
 PSYoungGen      total 155136K, used 155129K [0x00000000d5580000, 0x00000000e4500000, 0x0000000100000000)
  eden space 109056K, 100% used [0x00000000d5580000,0x00000000dc000000,0x00000000dc000000)
  from space 46080K, 99% used [0x00000000dc000000,0x00000000decfe7a0,0x00000000ded00000)
  to   space 56320K, 0% used [0x00000000e0e00000,0x00000000e0e00000,0x00000000e4500000)
 ParOldGen       total 237056K, used 109106K [0x0000000080000000, 0x000000008e780000, 0x00000000d5580000)
  object space 237056K, 46% used [0x0000000080000000,0x0000000086a8ca00,0x000000008e780000)
 Metaspace       used 56660K, capacity 58376K, committed 60848K, reserved 1101824K
  class space    used 7442K, capacity 7755K, committed 8368K, reserved 1048576K
Event: 2043.599 GC heap after
Heap after GC invocations=32 (full 4):
 PSYoungGen      total 170496K, used 56293K [0x00000000d5580000, 0x00000000e6b00000, 0x0000000100000000)
  eden space 114176K, 0% used [0x00000000d5580000,0x00000000d5580000,0x00000000dc500000)
  from space 56320K, 99% used [0x00000000e0e00000,0x00000000e44f97b8,0x00000000e4500000)
  to   space 74752K, 0% used [0x00000000dc500000,0x00000000dc500000,0x00000000e0e00000)
 ParOldGen       total 237056K, used 133281K [0x0000000080000000, 0x000000008e780000, 0x00000000d5580000)
  object space 237056K, 56% used [0x0000000080000000,0x0000000088228508,0x000000008e780000)
 Metaspace       used 56660K, capacity 58376K, committed 60848K, reserved 1101824K
  class space    used 7442K, capacity 7755K, committed 8368K, reserved 1048576K
}

